<?xml version="1.0" encoding="UTF-8"?>
<testng-results skipped="0" failed="0" ignored="0" total="3" passed="3">
  <reporter-output>
  </reporter-output>
  <suite name="Default suite" duration-ms="50262" started-at="2020-03-29T16:11:23 IST" finished-at="2020-03-29T16:12:13 IST">
    <groups>
    </groups>
    <test name="Default test" duration-ms="50262" started-at="2020-03-29T16:11:23 IST" finished-at="2020-03-29T16:12:13 IST">
      <class name="test.TestLogin">
        <test-method status="PASS" signature="browser()[pri:0, instance:test.TestLogin@2758fe70]" name="browser" is-config="true" duration-ms="17931" started-at="2020-03-29T16:11:23 IST" finished-at="2020-03-29T16:11:41 IST">
          <reporter-output>
          </reporter-output>
        </test-method> <!-- browser -->
        <test-method status="PASS" signature="signin()[pri:0, instance:test.TestLogin@2758fe70]" name="signin" duration-ms="3777" started-at="2020-03-29T16:11:41 IST" finished-at="2020-03-29T16:11:45 IST">
          <reporter-output>
          </reporter-output>
        </test-method> <!-- signin -->
        <test-method status="PASS" signature="selectProduct()[pri:0, instance:test.TestLogin@2758fe70]" name="selectProduct" duration-ms="23646" started-at="2020-03-29T16:11:45 IST" depends-on-methods="test.TestLogin.signin" finished-at="2020-03-29T16:12:08 IST">
          <reporter-output>
          </reporter-output>
        </test-method> <!-- selectProduct -->
        <test-method status="PASS" signature="amount()[pri:0, instance:test.TestLogin@2758fe70]" name="amount" duration-ms="4210" started-at="2020-03-29T16:12:08 IST" depends-on-methods="test.TestLogin.selectProduct" finished-at="2020-03-29T16:12:13 IST">
          <reporter-output>
          </reporter-output>
        </test-method> <!-- amount -->
        <test-method status="PASS" signature="closeBrowser()[pri:0, instance:test.TestLogin@2758fe70]" name="closeBrowser" is-config="true" duration-ms="644" started-at="2020-03-29T16:12:13 IST" finished-at="2020-03-29T16:12:13 IST">
          <reporter-output>
          </reporter-output>
        </test-method> <!-- closeBrowser -->
      </class> <!-- test.TestLogin -->
    </test> <!-- Default test -->
  </suite> <!-- Default suite -->
</testng-results>
