<?xml version="1.0" encoding="UTF-8"?>
<testng-results skipped="0" failed="0" ignored="0" total="4" passed="4">
  <reporter-output>
  </reporter-output>
  <suite name="Signup" duration-ms="121635" started-at="2020-04-10T15:36:02 IST" finished-at="2020-04-10T15:38:03 IST">
    <groups>
    </groups>
    <test name="Test" duration-ms="121635" started-at="2020-04-10T15:36:02 IST" finished-at="2020-04-10T15:38:03 IST">
      <class name="test.TestLogin">
        <test-method status="PASS" signature="browser()[pri:0, instance:test.TestLogin@27a5f880]" name="browser" is-config="true" duration-ms="28126" started-at="2020-04-10T15:36:44 IST" finished-at="2020-04-10T15:37:12 IST">
          <reporter-output>
          </reporter-output>
        </test-method> <!-- browser -->
        <test-method status="PASS" signature="signin()[pri:0, instance:test.TestLogin@27a5f880]" name="signin" duration-ms="6942" started-at="2020-04-10T15:37:12 IST" finished-at="2020-04-10T15:37:19 IST">
          <reporter-output>
          </reporter-output>
        </test-method> <!-- signin -->
        <test-method status="PASS" signature="selectProduct()[pri:0, instance:test.TestLogin@27a5f880]" name="selectProduct" duration-ms="39101" started-at="2020-04-10T15:37:19 IST" depends-on-methods="test.TestLogin.signin" finished-at="2020-04-10T15:37:58 IST">
          <reporter-output>
          </reporter-output>
        </test-method> <!-- selectProduct -->
        <test-method status="PASS" signature="amount()[pri:0, instance:test.TestLogin@27a5f880]" name="amount" duration-ms="4938" started-at="2020-04-10T15:37:58 IST" depends-on-methods="test.TestLogin.selectProduct" finished-at="2020-04-10T15:38:03 IST">
          <reporter-output>
          </reporter-output>
        </test-method> <!-- amount -->
        <test-method status="PASS" signature="closeBrowser()[pri:0, instance:test.TestLogin@27a5f880]" name="closeBrowser" is-config="true" duration-ms="610" started-at="2020-04-10T15:38:03 IST" finished-at="2020-04-10T15:38:03 IST">
          <reporter-output>
          </reporter-output>
        </test-method> <!-- closeBrowser -->
      </class> <!-- test.TestLogin -->
      <class name="test.TestSignup">
        <test-method status="PASS" signature="browser()[pri:0, instance:test.TestSignup@394e1a0f]" name="browser" is-config="true" duration-ms="26818" started-at="2020-04-10T15:36:02 IST" finished-at="2020-04-10T15:36:28 IST">
          <reporter-output>
          </reporter-output>
        </test-method> <!-- browser -->
        <test-method status="PASS" signature="test()[pri:0, instance:test.TestSignup@394e1a0f]" name="test" duration-ms="15064" started-at="2020-04-10T15:36:29 IST" finished-at="2020-04-10T15:36:44 IST">
          <reporter-output>
          </reporter-output>
        </test-method> <!-- test -->
      </class> <!-- test.TestSignup -->
    </test> <!-- Test -->
  </suite> <!-- Signup -->
</testng-results>
