<?xml version="1.0" encoding="UTF-8"?>
<!-- Generated by org.testng.reporters.JUnitXMLReporter -->
<testsuite hostname="DESKTOP-PLFJC5F" ignored="0" name="Default test" tests="3" failures="0" timestamp="2020-03-29T16:12:13 IST" time="50.262" errors="0">
  <testcase name="signin" time="3.777" classname="test.TestLogin"/>
  <testcase name="selectProduct" time="23.646" classname="test.TestLogin"/>
  <testcase name="amount" time="4.21" classname="test.TestLogin"/>
</testsuite> <!-- Default test -->
