<?xml version="1.0" encoding="UTF-8"?>
<!-- Generated by org.testng.reporters.JUnitXMLReporter -->
<testsuite hostname="DESKTOP-PLFJC5F" ignored="0" name="Test" tests="4" failures="0" timestamp="2020-04-10T15:38:03 IST" time="121.635" errors="0">
  <testcase name="test" time="15.064" classname="test.TestSignup"/>
  <testcase name="signin" time="6.942" classname="test.TestLogin"/>
  <testcase name="selectProduct" time="39.101" classname="test.TestLogin"/>
  <testcase name="amount" time="4.938" classname="test.TestLogin"/>
</testsuite> <!-- Test -->
